Hmm ... looks like a package
Converting parsed Rd's to LaTeX ........
Creating pdf output from LaTeX ...
Error in texi2dvi(file = file, pdf = TRUE, clean = clean, quiet = quiet,  : 
  Running 'texi2dvi' on 'Rd2.tex' failed.
LaTeX errors:
! LaTeX Error: Something's wrong--perhaps a missing \item.

See the LaTeX manual or LaTeX Companion for explanation.
Type  H <return>  for immediate help.
 ...                                              
Output:
This is pdfTeX, Version 3.14159265-2.6-1.40.21 (TeX Live 2020) (preloaded format=pdflatex)
 restricted \write18 enabled.
entering extended mode
LaTeX2e <2020-02-02> patch level 5
L3 programming layer <2020-03-06> (./Rd2.tex
(/usr/local/texlive/2020/texmf-dist/tex/latex/base/book.cls
Document Class: book 2019/12/20 v1.4l Standard LaTeX document class
(/usr/local/texlive/2020/texmf-dist/tex/latex/base/bk10.clo))
(/Library/Frameworks/R.framework/Resources/share/texmf/tex/latex/Rd.sty
(/usr/local/texlive/2020/texmf-dist/tex/latex/base/ifthen.sty)
(/usr/local/texlive/2020/texmf-dist/tex/generic/iftex/iftex.sty)
(/usr/local/texlive/2020/texmf-dist/tex/latex/tools/longtable.sty)
(/usr/local/texlive/2020/texmf-dist/tex/latex/tools/bm.sty)
(/usr/local/texlive/2020/texmf-dist/tex/latex/base/alltt.sty)
(/usr/local/texlive/2020/texmf-dist/tex/latex/tools/verbatim.sty)
(/usr/local/texlive/2020/texmf-dist/tex/latex/url/url.sty)
(/usr/local/texlive/2020/texmf-dist/tex/latex/base/textcomp.sty)
(/usr/local/texlive/2020/texmf-dist/tex/latex/amsmath/amsmath.sty
For additional information on amsmath, use the `?' option.
(/usr/local/texlive/2020/texmf-dist/tex/latex/amsmath/amstext.sty
(/usr/local/texlive/2020/texmf-dist/tex/latex/amsmath/amsgen.sty))
(/usr/local/texlive/2020/texmf-dist/tex/latex/amsmath/amsbsy.sty)
(/usr/local/texlive/2020/texmf-dist/tex/latex/amsmath/amsopn.sty))
(/usr/local/texlive/2020/texmf-dist/tex/latex/amsfonts/amsfonts.sty)
(/usr/local/texlive/2020/texmf-dist/tex/latex/amsfonts/amssymb.sty)
(/usr/local/texlive/2020/texmf-dist/tex/latex/jknapltx/mathrsfs.sty)
(/usr/local/texlive/2020/texmf-dist/tex/latex/base/fontenc.sty)
(/usr/local/texlive/2020/texmf-dist/tex/latex/psnfss/times.sty)
(/usr/local/texlive/2020/texmf-dist/tex/latex/inconsolata/zi4.sty
`inconsolata-zi4' v1.12, 2019/05/17 Text macros for Inconsolata (msharpe)
(/usr/local/texlive/2020/texmf-dist/tex/latex/xkeyval/xkeyval.sty
(/usr/local/texlive/2020/texmf-dist/tex/generic/xkeyval/xkeyval.tex
(/usr/local/texlive/2020/texmf-dist/tex/generic/xkeyval/xkvutils.tex
(/usr/local/texlive/2020/texmf-dist/tex/generic/xkeyval/keyval.tex)))))
(/usr/local/texlive/2020/texmf-dist/tex/latex/graphics/color.sty
(/usr/local/texlive/2020/texmf-dist/tex/latex/graphics-cfg/color.cfg)
(/usr/local/texlive/2020/texmf-dist/tex/latex/graphics-def/pdftex.def))
(/usr/local/texlive/2020/texmf-dist/tex/latex/hyperref/hyperref.sty
(/usr/local/texlive/2020/texmf-dist/tex/generic/ltxcmds/ltxcmds.sty)
(/usr/local/texlive/2020/texmf-dist/tex/latex/pdftexcmds/pdftexcmds.sty
(/usr/local/texlive/2020/texmf-dist/tex/generic/infwarerr/infwarerr.sty))
(/usr/local/texlive/2020/texmf-dist/tex/generic/kvsetkeys/kvsetkeys.sty)
(/usr/local/texlive/2020/texmf-dist/tex/generic/kvdefinekeys/kvdefinekeys.sty)
(/usr/local/texlive/2020/texmf-dist/tex/generic/pdfescape/pdfescape.sty)
(/usr/local/texlive/2020/texmf-dist/tex/latex/hycolor/hycolor.sty)
(/usr/local/texlive/2020/texmf-dist/tex/latex/letltxmacro/letltxmacro.sty)
(/usr/local/texlive/2020/texmf-dist/tex/latex/auxhook/auxhook.sty)
(/usr/local/texlive/2020/texmf-dist/tex/latex/kvoptions/kvoptions.sty)
(/usr/local/texlive/2020/texmf-dist/tex/latex/hyperref/pd1enc.def)
(/usr/local/texlive/2020/texmf-dist/tex/generic/intcalc/intcalc.sty)
(/usr/local/texlive/2020/texmf-dist/tex/generic/etexcmds/etexcmds.sty)
(/usr/local/texlive/2020/texmf-dist/tex/generic/bitset/bitset.sty
(/usr/local/texlive/2020/texmf-dist/tex/generic/bigintcalc/bigintcalc.sty))
(/usr/local/texlive/2020/texmf-dist/tex/generic/atbegshi/atbegshi.sty))
(/usr/local/texlive/2020/texmf-dist/tex/latex/hyperref/hpdftex.def
(/usr/local/texlive/2020/texmf-dist/tex/latex/atveryend/atveryend.sty)
(/usr/local/texlive/2020/texmf-dist/tex/latex/rerunfilecheck/rerunfilecheck.sty

(/usr/local/texlive/2020/texmf-dist/tex/generic/uniquecounter/uniquecounter.sty
)))) (/usr/local/texlive/2020/texmf-dist/tex/latex/base/makeidx.sty)
Writing index file Rd2.idx
(/usr/local/texlive/2020/texmf-dist/tex/latex/l3backend/l3backend-pdfmode.def)
No file Rd2.aux.
(/usr/local/texlive/2020/texmf-dist/tex/latex/psnfss/t1ptm.fd)
(/usr/local/texlive/2020/texmf-dist/tex/context/base/mkii/supp-pdf.mkii
[Loading MPS to PDF converter (version 2006.09.02).]
) (/usr/local/texlive/2020/texmf-dist/tex/latex/hyperref/nameref.sty
(/usr/local/texlive/2020/texmf-dist/tex/latex/refcount/refcount.sty)
(/usr/local/texlive/2020/texmf-dist/tex/generic/gettitlestring/gettitlestring.s
ty)) (/usr/local/texlive/2020/texmf-dist/tex/latex/inconsolata/t1zi4.fd)
(/usr/local/texlive/2020/texmf-dist/tex/latex/psnfss/ts1ptm.fd)
(/usr/local/texlive/2020/texmf-dist/tex/latex/amsfonts/umsa.fd)
(/usr/local/texlive/2020/texmf-dist/tex/latex/amsfonts/umsb.fd)
(/usr/local/texlive/2020/texmf-dist/tex/latex/jknapltx/ursfs.fd) [1{/usr/local/
texlive/2020/texmf-var/fonts/map/pdftex/updmap/pdftex.map}]
Overfull \hbox (3.44853pt too wide) in paragraph at lines 100--101
[]\T1/ptm/m/n/10 Data was ob-tained from the ACGME web-site: [][]$\T1/zi4/m/n/1
0 https : / / apps . acgme . org / ads / Public / Programs /
[2]
Overfull \hbox (76.64821pt too wide) in paragraph at lines 143--144
[]\T1/ptm/m/n/10 Data was ob-tained from the of-fi-cial ACOG web-site: [][]$\T1
/zi4/m/n/10 https : / / www . acog . org / community / districts-[]and-[]sectio
ns$[][] 
[3] [4]
Overfull \hbox (5.26248pt too wide) in paragraph at lines 269--269
 []\T1/zi4/m/n/9 stats <- calculate_descriptive_stats(df, "business_days_until_
appointment", verbose = TRUE)[] 
[5] [6]
Overfull \hbox (5.27168pt too wide) in paragraph at lines 341--341
 []\T1/zi4/m/n/9 calculate_intersection_overlap_and_save(block_groups, isochron
es_joined, 30L, "data/shp/") 

Overfull \hbox (0.62782pt too wide) in paragraph at lines 362--363
[]\T1/ptm/m/n/10 The name of the cat-e-gor-i-cal vari-able for which pro-por-ti
ons are cal-cu-lated, passed
[7] (/usr/local/texlive/2020/texmf-dist/tex/latex/inconsolata/ts1zi4.fd)
Overfull \hbox (3.75021pt too wide) in paragraph at lines 421--421
 []\T1/zi4/m/n/9 # Example usage with a dataframe \TS1/zi4/m/n/9 '\T1/zi4/m/n/9
 df\TS1/zi4/m/n/9 ' \T1/zi4/m/n/9 and outcome variable \TS1/zi4/m/n/9 '\T1/zi4/
m/n/9 business_days_until_appointment\TS1/zi4/m/n/9 ' 
[8]
Overfull \hbox (36.00652pt too wide) in paragraph at lines 450--451
[]\T1/ptm/m/n/10 A char-ac-ter string spec-i-fy-ing the spe-cialty name for spe
-cial-ists. De-fault is []\T1/zi4/m/n/10 "Specialist"[]\T1/ptm/m/n/10 . 
[9]
Overfull \hbox (129.74101pt too wide) in paragraph at lines 480--480
 []  \T1/zi4/m/n/9 specialty_primary = c("General Worker", "Specialist Worker",
 "General Worker", "Specialist Worker", "Other Specialty"),[] 

Overfull \hbox (77.25328pt too wide) in paragraph at lines 497--497
 []  \T1/zi4/m/n/9 specialty_primary = c("Generalist", "Generalist", "Generalis
t", "Generalist", "Generalist", "Specialist"),[] 
[10] [11]
Overfull \hbox (3.28787pt too wide) in paragraph at lines 621--625
\T1/ptm/m/n/10 like 'for_redcap', 'id', 'names', 'prac-tice_name', 'phone_numbe
r', 'state_name',
[12] [13] [14]
Overfull \hbox (33.75635pt too wide) in paragraph at lines 761--761
 []\T1/zi4/m/n/9 count_unique_physicians(df, insurance_type = "Medicaid", reaso
n_for_exclusion = "Able to contact")[] 
[15]
Overfull \hbox (17.24101pt too wide) in paragraph at lines 838--838
 []\T1/zi4/m/n/9 # Example 2: Examining the interaction between insurance type 
and scenario on appointment delays[] 
[16] [17]
Overfull \hbox (3.74101pt too wide) in paragraph at lines 911--911
 []  \T1/zi4/m/n/9 ACOG_District = c("District I", "District II", "District III
", "District IV", "District V")[] 
[18] [19] [20] [21] [22] [23]
Overfull \hbox (9.75328pt too wide) in paragraph at lines 1247--1247
 []  \T1/zi4/m/n/9 output_directory = "ortho_sports_med/figures/custom_director
y/",  # Custom output directory[] 

Overfull \hbox (18.72568pt too wide) in paragraph at lines 1251--1251
 []  \T1/zi4/m/n/9 x_label = "A
Error in texi2dvi(file = file, pdf = TRUE, clean = clean, quiet = quiet,  : 
  Running 'texi2dvi' on 'Rd2.tex' failed.
LaTeX errors:
! LaTeX Error: Something's wrong--perhaps a missing \item.

See the LaTeX manual or LaTeX Companion for explanation.
Type  H <return>  for immediate help.
 ...                                              
Output:
This is pdfTeX, Version 3.14159265-2.6-1.40.21 (TeX Live 2020) (preloaded format=pdflatex)
 restricted \write18 enabled.
entering extended mode
LaTeX2e <2020-02-02> patch level 5
L3 programming layer <2020-03-06> (./Rd2.tex
(/usr/local/texlive/2020/texmf-dist/tex/latex/base/book.cls
Document Class: book 2019/12/20 v1.4l Standard LaTeX document class
(/usr/local/texlive/2020/texmf-dist/tex/latex/base/bk10.clo))
(/Library/Frameworks/R.framework/Resources/share/texmf/tex/latex/Rd.sty
(/usr/local/texlive/2020/texmf-dist/tex/latex/base/ifthen.sty)
(/usr/local/texlive/2020/texmf-dist/tex/generic/iftex/iftex.sty)
(/usr/local/texlive/2020/texmf-dist/tex/latex/tools/longtable.sty)
(/usr/local/texlive/2020/texmf-dist/tex/latex/tools/bm.sty)
(/usr/local/texlive/2020/texmf-dist/tex/latex/base/alltt.sty)
(/usr/local/texlive/2020/texmf-dist/tex/latex/tools/verbatim.sty)
(/usr/local/texlive/2020/texmf-dist/tex/latex/url/url.sty)
(/usr/local/texlive/2020/texmf-dist/tex/latex/base/textcomp.sty)
(/usr/local/texlive/2020/texmf-dist/tex/latex/amsmath/amsmath.sty
For additional information on amsmath, use the `?' option.
(/usr/local/texlive/2020/texmf-dist/tex/latex/amsmath/amstext.sty
(/usr/local/texlive/2020/texmf-dist/tex/latex/amsmath/amsgen.sty))
(/usr/local/texlive/2020/texmf-dist/tex/latex/amsmath/amsbsy.sty)
(/usr/local/texlive/2020/texmf-dist/tex/latex/amsmath/amsopn.sty))
(/usr/local/texlive/2020/texmf-dist/tex/latex/amsfonts/amsfonts.sty)
(/usr/local/texlive/2020/texmf-dist/tex/latex/amsfonts/amssymb.sty)
(/usr/local/texlive/2020/texmf-dist/tex/latex/jknapltx/mathrsfs.sty)
(/usr/local/texlive/2020/texmf-dist/tex/latex/base/fontenc.sty)
(/usr/local/texlive/2020/texmf-dist/tex/latex/psnfss/times.sty)
(/usr/local/texlive/2020/texmf-dist/tex/latex/inconsolata/zi4.sty
`inconsolata-zi4' v1.12, 2019/05/17 Text macros for Inconsolata (msharpe)
(/usr/local/texlive/2020/texmf-dist/tex/latex/xkeyval/xkeyval.sty
(/usr/local/texlive/2020/texmf-dist/tex/generic/xkeyval/xkeyval.tex
(/usr/local/texlive/2020/texmf-dist/tex/generic/xkeyval/xkvutils.tex
(/usr/local/texlive/2020/texmf-dist/tex/generic/xkeyval/keyval.tex)))))
(/usr/local/texlive/2020/texmf-dist/tex/latex/graphics/color.sty
(/usr/local/texlive/2020/texmf-dist/tex/latex/graphics-cfg/color.cfg)
(/usr/local/texlive/2020/texmf-dist/tex/latex/graphics-def/pdftex.def))
(/usr/local/texlive/2020/texmf-dist/tex/latex/hyperref/hyperref.sty
(/usr/local/texlive/2020/texmf-dist/tex/generic/ltxcmds/ltxcmds.sty)
(/usr/local/texlive/2020/texmf-dist/tex/latex/pdftexcmds/pdftexcmds.sty
(/usr/local/texlive/2020/texmf-dist/tex/generic/infwarerr/infwarerr.sty))
(/usr/local/texlive/2020/texmf-dist/tex/generic/kvsetkeys/kvsetkeys.sty)
(/usr/local/texlive/2020/texmf-dist/tex/generic/kvdefinekeys/kvdefinekeys.sty)
(/usr/local/texlive/2020/texmf-dist/tex/generic/pdfescape/pdfescape.sty)
(/usr/local/texlive/2020/texmf-dist/tex/latex/hycolor/hycolor.sty)
(/usr/local/texlive/2020/texmf-dist/tex/latex/letltxmacro/letltxmacro.sty)
(/usr/local/texlive/2020/texmf-dist/tex/latex/auxhook/auxhook.sty)
(/usr/local/texlive/2020/texmf-dist/tex/latex/kvoptions/kvoptions.sty)
(/usr/local/texlive/2020/texmf-dist/tex/latex/hyperref/pd1enc.def)
(/usr/local/texlive/2020/texmf-dist/tex/generic/intcalc/intcalc.sty)
(/usr/local/texlive/2020/texmf-dist/tex/generic/etexcmds/etexcmds.sty)
(/usr/local/texlive/2020/texmf-dist/tex/generic/bitset/bitset.sty
(/usr/local/texlive/2020/texmf-dist/tex/generic/bigintcalc/bigintcalc.sty))
(/usr/local/texlive/2020/texmf-dist/tex/generic/atbegshi/atbegshi.sty))
(/usr/local/texlive/2020/texmf-dist/tex/latex/hyperref/hpdftex.def
(/usr/local/texlive/2020/texmf-dist/tex/latex/atveryend/atveryend.sty)
(/usr/local/texlive/2020/texmf-dist/tex/latex/rerunfilecheck/rerunfilecheck.sty

(/usr/local/texlive/2020/texmf-dist/tex/generic/uniquecounter/uniquecounter.sty
)))) (/usr/local/texlive/2020/texmf-dist/tex/latex/base/makeidx.sty)
Writing index file Rd2.idx
(/usr/local/texlive/2020/texmf-dist/tex/latex/l3backend/l3backend-pdfmode.def)
(/private/var/folders/t6/jct906nn019fnrg7qr_b438w0000gn/T/Rtmpc9GJQw/Rd2pdf6cb0
22e621fd/Rd2.aux) (/usr/local/texlive/2020/texmf-dist/tex/latex/psnfss/t1ptm.fd
) (/usr/local/texlive/2020/texmf-dist/tex/context/base/mkii/supp-pdf.mkii
[Loading MPS to PDF converter (version 2006.09.02).]
) (/usr/local/texlive/2020/texmf-dist/tex/latex/hyperref/nameref.sty
(/usr/local/texlive/2020/texmf-dist/tex/latex/refcount/refcount.sty)
(/usr/local/texlive/2020/texmf-dist/tex/generic/gettitlestring/gettitlestring.s
ty))
(/private/var/folders/t6/jct906nn019fnrg7qr_b438w0000gn/T/Rtmpc9GJQw/Rd2pdf6cb0
22e621fd/Rd2.out)
(/private/var/folders/t6/jct906nn019fnrg7qr_b438w0000gn/T/Rtmpc9GJQw/Rd2pdf6cb0
22e621fd/Rd2.out)
(/usr/local/texlive/2020/texmf-dist/tex/latex/inconsolata/t1zi4.fd)
(/usr/local/texlive/2020/texmf-dist/tex/latex/psnfss/ts1ptm.fd)
(/usr/local/texlive/2020/texmf-dist/tex/latex/amsfonts/umsa.fd)
(/usr/local/texlive/2020/texmf-dist/tex/latex/amsfonts/umsb.fd)
(/usr/local/texlive/2020/texmf-dist/tex/latex/jknapltx/ursfs.fd)
(/private/var/folders/t6/jct906nn019fnrg7qr_b438w0000gn/T/Rtmpc9GJQw/Rd2pdf6cb0
22e621fd/Rd2.toc [1{/usr/local/texlive/2020/texmf-var/fonts/map/pdftex/updmap/p
dftex.map}] [2]) [3]
Overfull \hbox (3.44853pt too wide) in paragraph at lines 100--101
[]\T1/ptm/m/n/10 Data was ob-tained from the ACGME web-site: [][]$\T1/zi4/m/n/1
0 https : / / apps . acgme . org / ads / Public / Programs /
[4]
Overfull \hbox (76.64821pt too wide) in paragraph at lines 143--144
[]\T1/ptm/m/n/10 Data was ob-tained from the of-fi-cial ACOG web-site: [][]$\T1
/zi4/m/n/10 https : / / www . acog . org / community / districts-[]and-[]sectio
ns$[][] 
[5] [6]
Overfull \hbox (5.26248pt too wide) in paragraph at lines 269--269
 []\T1/zi4/m/n/9 stats <- calculate_descriptive_stats(df, "business_days_until_
appointment", verbose = TRUE)[] 
[7] [8]
Overfull \hbox (5.27168pt too wide) in paragraph at lines 341--341
 []\T1/zi4/m/n/9 calculate_intersection_overlap_and_save(block_groups, isochron
es_joined, 30L, "data/shp/") 

Overfull \hbox (0.62782pt too wide) in paragraph at lines 362--363
[]\T1/ptm/m/n/10 The name of the cat-e-gor-i-cal vari-able for which pro-por-ti
ons are cal-cu-lated, passed
[9] (/usr/local/texlive/2020/texmf-dist/tex/latex/inconsolata/ts1zi4.fd)
Overfull \hbox (3.75021pt too wide) in paragraph at lines 421--421
 []\T1/zi4/m/n/9 # Example usage with a dataframe \TS1/zi4/m/n/9 '\T1/zi4/m/n/9
 df\TS1/zi4/m/n/9 ' \T1/zi4/m/n/9 and outcome variable \TS1/zi4/m/n/9 '\T1/zi4/
m/n/9 business_days_until_appointment\TS1/zi4/m/n/9 ' 
[10]
Overfull \hbox (36.00652pt too wide) in paragraph at lines 450--451
[]\T1/ptm/m/n/10 A char-ac-ter string spec-i-fy-ing the spe-cialty name for spe
-cial-ists. De-fault is []\T1/zi4/m/n/10 "Specialist"[]\T1/ptm/m/n/10 . 
[11]
Overfull \hbox (129.74101pt too wide) in paragraph at lines 480--480
 []  \T1/zi4/m/n/9 specialty_primary = c("General Worker", "Specialist Worker",
 "General Worker", "Specialist Worker", "Other Specialty"),[] 

Overfull \hbox (77.25328pt too wide) in paragraph at lines 497--497
 []  \T1/zi4/m/n/9 specialty_primary = c("Generalist", "Generalist", "Generalis
t", "Generalist", "Generalist", "Specialist"),[] 
[12] [13]
Overfull \hbox (3.28787pt too wide) in paragraph at lines 621--625
\T1/ptm/m/n/10 like 'for_redcap', 'id', 'names', 'prac-tice_name', 'phone_numbe
r', 'state_name',
[14] [15] [16]
Overfull \hbox (33.75635pt too wide) in paragraph at lines 761--761
 []\T1/zi4/m/n/9 count_unique_physicians(df, insurance_type = "Medicaid", reaso
n_for_exclusion = "Able to contact")[] 
[17]
Overfull \hbox (17.24101pt too wide) in paragraph at lines 838--838
 []\T1/zi4/m/n/9 # Example 2: Examining the interaction between insurance type 
and scenario on appointment delays[] 
[18] [19]
Overfull \hbox (3.74101pt too wide) in paragraph at lines 911--911
 []  \T1/zi4/m/n/9 ACOG_District = c("Distric
Error in running tools::texi2pdf()
You may want to clean up by 'rm -Rf /var/folders/t6/jct906nn019fnrg7qr_b438w0000gn/T//Rtmpc9GJQw/Rd2pdf6cb022e621fd'
