This is pdfTeX, Version 3.14159265-2.6-1.40.21 (TeX Live 2020) (preloaded format=pdflatex 2020.4.7)  1 OCT 2024 19:30
entering extended mode
 restricted \write18 enabled.
 %&-line parsing enabled.
**\input ./Rd2.tex
 (./Rd2.tex
(/usr/local/texlive/2020/texmf-dist/tex/latex/base/book.cls
Document Class: book 2019/12/20 v1.4l Standard LaTeX document class
(/usr/local/texlive/2020/texmf-dist/tex/latex/base/bk10.clo
File: bk10.clo 2019/12/20 v1.4l Standard LaTeX file (size option)
)
\c@part=\count167
\c@chapter=\count168
\c@section=\count169
\c@subsection=\count170
\c@subsubsection=\count171
\c@paragraph=\count172
\c@subparagraph=\count173
\c@figure=\count174
\c@table=\count175
\abovecaptionskip=\skip47
\belowcaptionskip=\skip48
\bibindent=\dimen134
)
(/Library/Frameworks/R.framework/Resources/share/texmf/tex/latex/Rd.sty
Package: Rd 

(/usr/local/texlive/2020/texmf-dist/tex/latex/base/ifthen.sty
Package: ifthen 2014/09/29 v1.1c Standard LaTeX ifthen package (DPC)
)
(/usr/local/texlive/2020/texmf-dist/tex/generic/iftex/iftex.sty
Package: iftex 2020/03/06 v1.0d TeX engine tests
)
(/usr/local/texlive/2020/texmf-dist/tex/latex/tools/longtable.sty
Package: longtable 2020/01/07 v4.13 Multi-page Table package (DPC)
\LTleft=\skip49
\LTright=\skip50
\LTpre=\skip51
\LTpost=\skip52
\LTchunksize=\count176
\LTcapwidth=\dimen135
\LT@head=\box45
\LT@firsthead=\box46
\LT@foot=\box47
\LT@lastfoot=\box48
\LT@cols=\count177
\LT@rows=\count178
\c@LT@tables=\count179
\c@LT@chunks=\count180
\LT@p@ftn=\toks15
)
(/usr/local/texlive/2020/texmf-dist/tex/latex/tools/bm.sty
Package: bm 2019/07/24 v1.2d Bold Symbol Support (DPC/FMi)
\symboldoperators=\mathgroup4
\symboldletters=\mathgroup5
\symboldsymbols=\mathgroup6
LaTeX Font Info:    Redeclaring math alphabet \mathbf on input line 141.
LaTeX Info: Redefining \bm on input line 209.
)
(/usr/local/texlive/2020/texmf-dist/tex/latex/base/alltt.sty
Package: alltt 1997/06/16 v2.0g defines alltt environment
)
(/usr/local/texlive/2020/texmf-dist/tex/latex/tools/verbatim.sty
Package: verbatim 2019/11/10 v1.5r LaTeX2e package for verbatim enhancements
\every@verbatim=\toks16
\verbatim@line=\toks17
\verbatim@in@stream=\read2
)
(/usr/local/texlive/2020/texmf-dist/tex/latex/url/url.sty
\Urlmuskip=\muskip16
Package: url 2013/09/16  ver 3.4  Verb mode for urls, etc.
)
(/usr/local/texlive/2020/texmf-dist/tex/latex/base/textcomp.sty
Package: textcomp 2020/02/02 v2.0n Standard LaTeX package
)
(/usr/local/texlive/2020/texmf-dist/tex/latex/amsmath/amsmath.sty
Package: amsmath 2020/01/20 v2.17e AMS math features
\@mathmargin=\skip53

For additional information on amsmath, use the `?' option.
(/usr/local/texlive/2020/texmf-dist/tex/latex/amsmath/amstext.sty
Package: amstext 2000/06/29 v2.01 AMS text

(/usr/local/texlive/2020/texmf-dist/tex/latex/amsmath/amsgen.sty
File: amsgen.sty 1999/11/30 v2.0 generic functions
\@emptytoks=\toks18
\ex@=\dimen136
))
(/usr/local/texlive/2020/texmf-dist/tex/latex/amsmath/amsbsy.sty
Package: amsbsy 1999/11/29 v1.2d Bold Symbols
LaTeX Info: Redefining \boldsymbol on input line 28.
\pmbraise@=\dimen137
)
(/usr/local/texlive/2020/texmf-dist/tex/latex/amsmath/amsopn.sty
Package: amsopn 2016/03/08 v2.02 operator names
)
\inf@bad=\count181
LaTeX Info: Redefining \frac on input line 227.
\uproot@=\count182
\leftroot@=\count183
LaTeX Info: Redefining \overline on input line 389.
\classnum@=\count184
\DOTSCASE@=\count185
LaTeX Info: Redefining \ldots on input line 486.
LaTeX Info: Redefining \dots on input line 489.
LaTeX Info: Redefining \cdots on input line 610.
\Mathstrutbox@=\box49
\strutbox@=\box50
\big@size=\dimen138
LaTeX Font Info:    Redeclaring font encoding OML on input line 733.
LaTeX Font Info:    Redeclaring font encoding OMS on input line 734.
\macc@depth=\count186
\c@MaxMatrixCols=\count187
\dotsspace@=\muskip17
\c@parentequation=\count188
\dspbrk@lvl=\count189
\tag@help=\toks19
\row@=\count190
\column@=\count191
\maxfields@=\count192
\andhelp@=\toks20
\eqnshift@=\dimen139
\alignsep@=\dimen140
\tagshift@=\dimen141
\tagwidth@=\dimen142
\totwidth@=\dimen143
\lineht@=\dimen144
\@envbody=\toks21
\multlinegap=\skip54
\multlinetaggap=\skip55
\mathdisplay@stack=\toks22
LaTeX Info: Redefining \[ on input line 2859.
LaTeX Info: Redefining \] on input line 2860.
)
(/usr/local/texlive/2020/texmf-dist/tex/latex/amsfonts/amsfonts.sty
Package: amsfonts 2013/01/14 v3.01 Basic AMSFonts support
\symAMSa=\mathgroup7
\symAMSb=\mathgroup8
LaTeX Font Info:    Redeclaring math symbol \hbar on input line 98.
LaTeX Font Info:    Overwriting math alphabet `\mathfrak' in version `bold'
(Font)                  U/euf/m/n --> U/euf/b/n on input line 106.
)
(/usr/local/texlive/2020/texmf-dist/tex/latex/amsfonts/amssymb.sty
Package: amssymb 2013/01/14 v3.01 AMS font symbols
)
(/usr/local/texlive/2020/texmf-dist/tex/latex/jknapltx/mathrsfs.sty
Package: mathrsfs 1996/01/01 Math RSFS package v1.0 (jk)
\symrsfs=\mathgroup9
)
\ldescriptionwidth=\skip56

(/usr/local/texlive/2020/texmf-dist/tex/latex/base/fontenc.sty
Package: fontenc 2020/02/11 v2.0o Standard LaTeX package
)
(/usr/local/texlive/2020/texmf-dist/tex/latex/psnfss/times.sty
Package: times 2005/04/12 PSNFSS-v9.2a (SPQR) 
)
(/usr/local/texlive/2020/texmf-dist/tex/latex/inconsolata/zi4.sty
Package: zi4 2019/05/17 v1.12

`inconsolata-zi4' v1.12, 2019/05/17 Text macros for Inconsolata (msharpe)
(/usr/local/texlive/2020/texmf-dist/tex/latex/xkeyval/xkeyval.sty
Package: xkeyval 2014/12/03 v2.7a package option processing (HA)

(/usr/local/texlive/2020/texmf-dist/tex/generic/xkeyval/xkeyval.tex
(/usr/local/texlive/2020/texmf-dist/tex/generic/xkeyval/xkvutils.tex
\XKV@toks=\toks23
\XKV@tempa@toks=\toks24

(/usr/local/texlive/2020/texmf-dist/tex/generic/xkeyval/keyval.tex))
\XKV@depth=\count193
File: xkeyval.tex 2014/12/03 v2.7a key=value parser (HA)
))
\zifour@ocount=\count194
)
(/usr/local/texlive/2020/texmf-dist/tex/latex/graphics/color.sty
Package: color 2019/11/23 v1.2a Standard LaTeX Color (DPC)

(/usr/local/texlive/2020/texmf-dist/tex/latex/graphics-cfg/color.cfg
File: color.cfg 2016/01/02 v1.6 sample color configuration
)
Package color Info: Driver file: pdftex.def on input line 147.

(/usr/local/texlive/2020/texmf-dist/tex/latex/graphics-def/pdftex.def
File: pdftex.def 2018/01/08 v1.0l Graphics/color driver for pdftex
))
(/usr/local/texlive/2020/texmf-dist/tex/latex/hyperref/hyperref.sty
Package: hyperref 2020/01/14 v7.00d Hypertext links for LaTeX

(/usr/local/texlive/2020/texmf-dist/tex/generic/ltxcmds/ltxcmds.sty
Package: ltxcmds 2019/12/15 v1.24 LaTeX kernel commands for general use (HO)
)
(/usr/local/texlive/2020/texmf-dist/tex/latex/pdftexcmds/pdftexcmds.sty
Package: pdftexcmds 2019/11/24 v0.31 Utility functions of pdfTeX for LuaTeX (HO
)

(/usr/local/texlive/2020/texmf-dist/tex/generic/infwarerr/infwarerr.sty
Package: infwarerr 2019/12/03 v1.5 Providing info/warning/error messages (HO)
)
Package pdftexcmds Info: \pdf@primitive is available.
Package pdftexcmds Info: \pdf@ifprimitive is available.
Package pdftexcmds Info: \pdfdraftmode found.
)
(/usr/local/texlive/2020/texmf-dist/tex/generic/kvsetkeys/kvsetkeys.sty
Package: kvsetkeys 2019/12/15 v1.18 Key value parser (HO)
)
(/usr/local/texlive/2020/texmf-dist/tex/generic/kvdefinekeys/kvdefinekeys.sty
Package: kvdefinekeys 2019-12-19 v1.6 Define keys (HO)
)
(/usr/local/texlive/2020/texmf-dist/tex/generic/pdfescape/pdfescape.sty
Package: pdfescape 2019/12/09 v1.15 Implements pdfTeX's escape features (HO)
)
(/usr/local/texlive/2020/texmf-dist/tex/latex/hycolor/hycolor.sty
Package: hycolor 2020-01-27 v1.10 Color options for hyperref/bookmark (HO)
)
(/usr/local/texlive/2020/texmf-dist/tex/latex/letltxmacro/letltxmacro.sty
Package: letltxmacro 2019/12/03 v1.6 Let assignment for LaTeX macros (HO)
)
(/usr/local/texlive/2020/texmf-dist/tex/latex/auxhook/auxhook.sty
Package: auxhook 2019-12-17 v1.6 Hooks for auxiliary files (HO)
)
(/usr/local/texlive/2020/texmf-dist/tex/latex/kvoptions/kvoptions.sty
Package: kvoptions 2019/11/29 v3.13 Key value format for package options (HO)
)
\@linkdim=\dimen145
\Hy@linkcounter=\count195
\Hy@pagecounter=\count196

(/usr/local/texlive/2020/texmf-dist/tex/latex/hyperref/pd1enc.def
File: pd1enc.def 2020/01/14 v7.00d Hyperref: PDFDocEncoding definition (HO)
Now handling font encoding PD1 ...
... no UTF-8 mapping file for font encoding PD1
)
(/usr/local/texlive/2020/texmf-dist/tex/generic/intcalc/intcalc.sty
Package: intcalc 2019/12/15 v1.3 Expandable calculations with integers (HO)
)
(/usr/local/texlive/2020/texmf-dist/tex/generic/etexcmds/etexcmds.sty
Package: etexcmds 2019/12/15 v1.7 Avoid name clashes with e-TeX commands (HO)
)
\Hy@SavedSpaceFactor=\count197
Package hyperref Info: Hyper figures OFF on input line 4547.
Package hyperref Info: Link nesting OFF on input line 4552.
Package hyperref Info: Hyper index ON on input line 4555.
Package hyperref Info: Plain pages OFF on input line 4562.
Package hyperref Info: Backreferencing OFF on input line 4567.
Package hyperref Info: Implicit mode ON; LaTeX internals redefined.
Package hyperref Info: Bookmarks ON on input line 4800.
\c@Hy@tempcnt=\count198
LaTeX Info: Redefining \url on input line 5159.
\XeTeXLinkMargin=\dimen146

(/usr/local/texlive/2020/texmf-dist/tex/generic/bitset/bitset.sty
Package: bitset 2019/12/09 v1.3 Handle bit-vector datatype (HO)

(/usr/local/texlive/2020/texmf-dist/tex/generic/bigintcalc/bigintcalc.sty
Package: bigintcalc 2019/12/15 v1.5 Expandable calculations on big integers (HO
)
))
\Fld@menulength=\count199
\Field@Width=\dimen147
\Fld@charsize=\dimen148
Package hyperref Info: Hyper figures OFF on input line 6430.
Package hyperref Info: Link nesting OFF on input line 6435.
Package hyperref Info: Hyper index ON on input line 6438.
Package hyperref Info: backreferencing OFF on input line 6445.
Package hyperref Info: Link coloring OFF on input line 6450.
Package hyperref Info: Link coloring with OCG OFF on input line 6455.
Package hyperref Info: PDF/A mode OFF on input line 6460.
LaTeX Info: Redefining \ref on input line 6500.
LaTeX Info: Redefining \pageref on input line 6504.

(/usr/local/texlive/2020/texmf-dist/tex/generic/atbegshi/atbegshi.sty
Package: atbegshi 2019/12/05 v1.19 At begin shipout hook (HO)
)
\Hy@abspage=\count266
\c@Item=\count267
\c@Hfootnote=\count268
)
Package hyperref Info: Driver (autodetected): hpdftex.

(/usr/local/texlive/2020/texmf-dist/tex/latex/hyperref/hpdftex.def
File: hpdftex.def 2020/01/14 v7.00d Hyperref driver for pdfTeX

(/usr/local/texlive/2020/texmf-dist/tex/latex/atveryend/atveryend.sty
Package: atveryend 2019-12-11 v1.11 Hooks at the very end of document (HO)
Package atveryend Info: \enddocument detected (standard20110627).
)
\Fld@listcount=\count269
\c@bookmark@seq@number=\count270

(/usr/local/texlive/2020/texmf-dist/tex/latex/rerunfilecheck/rerunfilecheck.sty
Package: rerunfilecheck 2019/12/05 v1.9 Rerun checks for auxiliary files (HO)

(/usr/local/texlive/2020/texmf-dist/tex/generic/uniquecounter/uniquecounter.sty
Package: uniquecounter 2019/12/15 v1.4 Provide unlimited unique counter (HO)
)
Package uniquecounter Info: New unique counter `rerunfilecheck' on input line 2
86.
)
\Hy@SectionHShift=\skip57
)
Package hyperref Info: Option `colorlinks' set `true' on input line 413.
Package hyperref Info: Option `linktocpage' set `true' on input line 413.
Package hyperref Info: Option `plainpages' set `false' on input line 413.
) (/usr/local/texlive/2020/texmf-dist/tex/latex/base/makeidx.sty
Package: makeidx 2014/09/29 v1.0m Standard LaTeX package
)
\@indexfile=\write3
\openout3 = `Rd2.idx'.


Writing index file Rd2.idx
(/usr/local/texlive/2020/texmf-dist/tex/latex/l3backend/l3backend-pdfmode.def
File: l3backend-pdfmode.def 2020-03-12 L3 backend support: PDF mode
\l__kernel_color_stack_int=\count271
\l__pdf_internal_box=\box51
)
(/private/var/folders/t6/jct906nn019fnrg7qr_b438w0000gn/T/Rtmpc9GJQw/Rd2pdf6cb0
22e621fd/Rd2.aux)
\openout1 = `Rd2.aux'.

LaTeX Font Info:    Checking defaults for OML/cmm/m/it on input line 8.
LaTeX Font Info:    ... okay on input line 8.
LaTeX Font Info:    Checking defaults for OMS/cmsy/m/n on input line 8.
LaTeX Font Info:    ... okay on input line 8.
LaTeX Font Info:    Checking defaults for OT1/cmr/m/n on input line 8.
LaTeX Font Info:    ... okay on input line 8.
LaTeX Font Info:    Checking defaults for T1/cmr/m/n on input line 8.
LaTeX Font Info:    ... okay on input line 8.
LaTeX Font Info:    Checking defaults for TS1/cmr/m/n on input line 8.
LaTeX Font Info:    ... okay on input line 8.
LaTeX Font Info:    Checking defaults for OMX/cmex/m/n on input line 8.
LaTeX Font Info:    ... okay on input line 8.
LaTeX Font Info:    Checking defaults for U/cmr/m/n on input line 8.
LaTeX Font Info:    ... okay on input line 8.
LaTeX Font Info:    Checking defaults for PD1/pdf/m/n on input line 8.
LaTeX Font Info:    ... okay on input line 8.
LaTeX Font Info:    Trying to load font information for T1+ptm on input line 8.

 (/usr/local/texlive/2020/texmf-dist/tex/latex/psnfss/t1ptm.fd
File: t1ptm.fd 2001/06/04 font definitions for T1/ptm.
) (/usr/local/texlive/2020/texmf-dist/tex/context/base/mkii/supp-pdf.mkii
[Loading MPS to PDF converter (version 2006.09.02).]
\scratchcounter=\count272
\scratchdimen=\dimen149
\scratchbox=\box52
\nofMPsegments=\count273
\nofMParguments=\count274
\everyMPshowfont=\toks25
\MPscratchCnt=\count275
\MPscratchDim=\dimen150
\MPnumerator=\count276
\makeMPintoPDFobject=\count277
\everyMPtoPDFconversion=\toks26
)
\AtBeginShipoutBox=\box53
Package hyperref Info: Link coloring ON on input line 8.
 (/usr/local/texlive/2020/texmf-dist/tex/latex/hyperref/nameref.sty
Package: nameref 2019/09/16 v2.46 Cross-referencing by name of section

(/usr/local/texlive/2020/texmf-dist/tex/latex/refcount/refcount.sty
Package: refcount 2019/12/15 v3.6 Data extraction from label references (HO)
)
(/usr/local/texlive/2020/texmf-dist/tex/generic/gettitlestring/gettitlestring.s
ty
Package: gettitlestring 2019/12/15 v1.6 Cleanup title references (HO)
)
\c@section@level=\count278
)
LaTeX Info: Redefining \ref on input line 8.
LaTeX Info: Redefining \pageref on input line 8.
LaTeX Info: Redefining \nameref on input line 8.

(/private/var/folders/t6/jct906nn019fnrg7qr_b438w0000gn/T/Rtmpc9GJQw/Rd2pdf6cb0
22e621fd/Rd2.out)
(/private/var/folders/t6/jct906nn019fnrg7qr_b438w0000gn/T/Rtmpc9GJQw/Rd2pdf6cb0
22e621fd/Rd2.out)
\@outlinefile=\write4
\openout4 = `Rd2.out'.

LaTeX Font Info:    Trying to load font information for T1+zi4 on input line 20
.

(/usr/local/texlive/2020/texmf-dist/tex/latex/inconsolata/t1zi4.fd
File: t1zi4.fd 2018/01/14 T1/zi4 (Inconsolata)
)
LaTeX Font Info:    Font shape `T1/zi4/m/n' will be
(Font)              scaled to size 10.0pt on input line 20.
LaTeX Font Info:    Trying to load font information for TS1+ptm on input line 2
1.

(/usr/local/texlive/2020/texmf-dist/tex/latex/psnfss/ts1ptm.fd
File: ts1ptm.fd 2001/06/04 font definitions for TS1/ptm.
)
LaTeX Font Info:    Trying to load font information for U+msa on input line 26.


(/usr/local/texlive/2020/texmf-dist/tex/latex/amsfonts/umsa.fd
File: umsa.fd 2013/01/14 v3.01 AMS symbols A
)
LaTeX Font Info:    Trying to load font information for U+msb on input line 26.


(/usr/local/texlive/2020/texmf-dist/tex/latex/amsfonts/umsb.fd
File: umsb.fd 2013/01/14 v3.01 AMS symbols B
)
LaTeX Font Info:    Trying to load font information for U+rsfs on input line 26
.

(/usr/local/texlive/2020/texmf-dist/tex/latex/jknapltx/ursfs.fd
File: ursfs.fd 1998/03/24 rsfs font definition file (jk)
)
(/private/var/folders/t6/jct906nn019fnrg7qr_b438w0000gn/T/Rtmpc9GJQw/Rd2pdf6cb0
22e621fd/Rd2.toc [1


{/usr/local/texlive/2020/texmf-var/fonts/map/pdftex/updmap/pdftex.map}] [2])
\tf@toc=\write5
\openout5 = `Rd2.toc'.

 [3]
Overfull \hbox (3.44853pt too wide) in paragraph at lines 100--101
[]\T1/ptm/m/n/10 Data was ob-tained from the ACGME web-site: [][]$\T1/zi4/m/n/1
0 https : / / apps . acgme . org / ads / Public / Programs /
 []

LaTeX Font Info:    Font shape `T1/zi4/m/n' will be
(Font)              scaled to size 9.0pt on input line 104.
[4]
Overfull \hbox (76.64821pt too wide) in paragraph at lines 143--144
[]\T1/ptm/m/n/10 Data was ob-tained from the of-fi-cial ACOG web-site: [][]$\T1
/zi4/m/n/10 https : / / www . acog . org / community / districts-[]and-[]sectio
ns$[][] 
 []

[5] [6]
Overfull \hbox (5.26248pt too wide) in paragraph at lines 269--269
 []\T1/zi4/m/n/9 stats <- calculate_descriptive_stats(df, "business_days_until_
appointment", verbose = TRUE)[] 
 []

[7] [8]
Overfull \hbox (5.27168pt too wide) in paragraph at lines 341--341
 []\T1/zi4/m/n/9 calculate_intersection_overlap_and_save(block_groups, isochron
es_joined, 30L, "data/shp/") 
 []


Overfull \hbox (0.62782pt too wide) in paragraph at lines 362--363
[]\T1/ptm/m/n/10 The name of the cat-e-gor-i-cal vari-able for which pro-por-ti
ons are cal-cu-lated, passed
 []

[9]
LaTeX Font Info:    Trying to load font information for TS1+zi4 on input line 4
21.
 (/usr/local/texlive/2020/texmf-dist/tex/latex/inconsolata/ts1zi4.fd
File: ts1zi4.fd 2018/01/14 TS1/zi4 (Inconsolata)
)
LaTeX Font Info:    Font shape `TS1/zi4/m/n' will be
(Font)              scaled to size 9.0pt on input line 421.

Overfull \hbox (3.75021pt too wide) in paragraph at lines 421--421
 []\T1/zi4/m/n/9 # Example usage with a dataframe \TS1/zi4/m/n/9 '\T1/zi4/m/n/9
 df\TS1/zi4/m/n/9 ' \T1/zi4/m/n/9 and outcome variable \TS1/zi4/m/n/9 '\T1/zi4/
m/n/9 business_days_until_appointment\TS1/zi4/m/n/9 ' 
 []

[10]
Overfull \hbox (36.00652pt too wide) in paragraph at lines 450--451
[]\T1/ptm/m/n/10 A char-ac-ter string spec-i-fy-ing the spe-cialty name for spe
-cial-ists. De-fault is []\T1/zi4/m/n/10 "Specialist"[]\T1/ptm/m/n/10 . 
 []

[11]
Overfull \hbox (129.74101pt too wide) in paragraph at lines 480--480
 []  \T1/zi4/m/n/9 specialty_primary = c("General Worker", "Specialist Worker",
 "General Worker", "Specialist Worker", "Other Specialty"),[] 
 []


Overfull \hbox (77.25328pt too wide) in paragraph at lines 497--497
 []  \T1/zi4/m/n/9 specialty_primary = c("Generalist", "Generalist", "Generalis
t", "Generalist", "Generalist", "Specialist"),[] 
 []

[12] [13]
Overfull \hbox (3.28787pt too wide) in paragraph at lines 621--625
\T1/ptm/m/n/10 like 'for_redcap', 'id', 'names', 'prac-tice_name', 'phone_numbe
r', 'state_name',
 []

[14] [15] [16]
Overfull \hbox (33.75635pt too wide) in paragraph at lines 761--761
 []\T1/zi4/m/n/9 count_unique_physicians(df, insurance_type = "Medicaid", reaso
n_for_exclusion = "Able to contact")[] 
 []

[17]
Overfull \hbox (17.24101pt too wide) in paragraph at lines 838--838
 []\T1/zi4/m/n/9 # Example 2: Examining the interaction between insurance type 
and scenario on appointment delays[] 
 []

[18] [19]
Overfull \hbox (3.74101pt too wide) in paragraph at lines 911--911
 []  \T1/zi4/m/n/9 ACOG_District = c("District I", "District II", "District III
", "District IV", "District V")[] 
 []

[20] [21] [22] [23] [24] [25]
Overfull \hbox (9.75328pt too wide) in paragraph at lines 1247--1247
 []  \T1/zi4/m/n/9 output_directory = "ortho_sports_med/figures/custom_director
y/",  # Custom output directory[] 
 []


Overfull \hbox (18.72568pt too wide) in paragraph at lines 1251--1251
 []  \T1/zi4/m/n/9 x_label = "Appointment Time (days) - Blue Cross Blue Shield 
(Log Scale)",  # Custom x-axis label[] 
 []

[26]
Overfull \hbox (30.74101pt too wide) in paragraph at lines 1305--1305
 []\T1/zi4/m/n/9 # Calculate isolines for the location with a 30-minute, 60-min
ute, 120-minute, and 180-minute range[] 
 []

[27] [28]
Overfull \hbox (7.03813pt too wide) in paragraph at lines 1386--1387
[]\T1/ptm/m/n/10 A string rep-re-sent-ing the col-umn name to group the lines b
y when []\T1/zi4/m/n/10 use_geom_line
 []

[29] [30] [31] [32]
Overfull \hbox (21.43051pt too wide) in paragraph at lines 1621--1621
 []  \T1/zi4/m/n/10 table_names = c("OP_DTL_GNRL_PGYR2014_P06302021", "OP_DTL_G
NRL_PGYR2015_P06302021",[] 
 []


Overfull \hbox (1.43051pt too wide) in paragraph at lines 1625--1625
 []    \T1/zi4/m/n/10 "OP_DTL_GNRL_PGYR2022_P01182024", "OP_DTL_GNRL_PGYR2023_P
06282024_06122024"),[] 
 []

[33]
Overfull \hbox (15.77475pt too wide) in paragraph at lines 1656--1656
 []\T1/zi4/m/n/9 find_common_columns_in_years_of_open_payments_data(con, "outpu
t_custom.xlsx", custom_tables)[] 
 []


! LaTeX Error: Something's wrong--perhaps a missing \item.

See the LaTeX manual or LaTeX Companion for explanation.
Type  H <return>  for immediate help.
 ...                                              
                                                  
l.1677 \end{description}
                        
Try typing  <return>  to proceed.
If that doesn't work, type  X <return>  to quit.


Overfull \hbox (0.28088pt too wide) in paragraph at lines 1682--1683
[][][]$\T1/zi4/m/n/10 https : / / github . com / kjhealy / fips-[]codes / blob 
/ master / state _ and _ county _ fips _ master .
 []

[34]
Overfull \hbox (14.76044pt too wide) in paragraph at lines 1698--1698
 []  \T1/zi4/m/n/10 excluded_columns = c(response_variable, "last", "business_d
ays_until_appointment",[] 
 []


Overfull \hbox (4.76044pt too wide) in paragraph at lines 1700--1700
 []    \T1/zi4/m/n/10 "physician_information", "address", "offered_a_clinic_app
ointment_to_be_seen",[] 
 []


Overfull \hbox (36.42029pt too wide) in paragraph at lines 1702--1702
 []    \T1/zi4/m/n/10 "does_the_physician_accept_medicaid", "insurance_type", "
zip", "Subspecialty", "NPI",[] 
 []


Overfull \hbox (114.1775pt too wide) in paragraph at lines 1716--1717
[]\T1/ptm/m/n/10 A char-ac-ter string spec-i-fy-ing the re-sponse vari-able. De
-fault is []\T1/zi4/m/n/10 "log_business_days_until_appointment"[]\T1/ptm/m/n/1
0 . 
 []


Overfull \hbox (58.35997pt too wide) in paragraph at lines 1720--1722
\T1/ptm/m/n/10 ables. De-fault is []\T1/zi4/m/n/10 c(response_variable, "last",
 "business_days_until_appointment",
 []


Overfull \hbox (44.55087pt too wide) in paragraph at lines 1720--1722
\T1/zi4/m/n/10 "cleaned_does_the_physician_accept_medicaid", "record_id", "ID",
 "middle",
 []


Overfull \hbox (67.05087pt too wide) in paragraph at lines 1720--1722
\T1/zi4/m/n/10 "physician_information", "address", "offered_a_clinic_appointmen
t_to_be_seen",
 []


Overfull \hbox (12.05087pt too wide) in paragraph at lines 1720--1722
\T1/zi4/m/n/10 "reason_for_exclusions", "state", "Grd_yr", "age_category", "not
es",
 []


Overfull \hbox (29.55087pt too wide) in paragraph at lines 1720--1722
\T1/zi4/m/n/10 "first", "does_the_physician_accept_medicaid", "insurance_type",
 "zip",
 []


Overfull \hbox (57.05087pt too wide) in paragraph at lines 1720--1722
\T1/zi4/m/n/10 "Subspecialty", "NPI", "lng", "lat", "including_this_physician_i
n_the_study",
 []

[35]
Overfull \hbox (66.75021pt too wide) in paragraph at lines 1742--1742
 []\T1/zi4/m/n/9 result <- fit_mixed_model_with_logging(data = df, model_type =
 "rlmer", output_path = "results_rlmer.csv")[] 
 []

[36] [37] [38] [39] [40]
Overfull \hbox (8.26862pt too wide) in paragraph at lines 1999--1999
 []\T1/zi4/m/n/9 geocoded_data <- geocode_unique_addresses(file_path, google_ma
ps_api_key, output_file_path)[] 
 []

[41] [42]
Overfull \hbox (56.11748pt too wide) in paragraph at lines 2124--2125
[]\T1/ptm/m/n/10 A data frame con-tain-ing the data to an-a-lyze. Must in-clude
 columns \T1/zi4/m/n/10 Driving Time (minutes)\T1/ptm/m/n/10 ,
 []

[43] [44]
Overfull \hbox (227.26555pt too wide) in paragraph at lines 2215--2215
 []\T1/zi4/m/n/9 predictor_vars <- setdiff(names(df), c(target_variable, "does_
the_physician_accept_medicaid", "cleaned_does_the_physician_accept_medicaid"))[
] 
 []


Overfull \hbox (183.75941pt too wide) in paragraph at lines 2218--2218
 []\T1/zi4/m/n/9 significant_vars <- logistic_regression(df, target_variable, p
redictor_vars, significance_level = significance_logistic_regression)[] 
 []

[45]
Overfull \hbox (35.5189pt too wide) in paragraph at lines 2300--2301
[]\T1/ptm/m/n/10 A data frame con-tain-ing the columns []\T1/zi4/m/n/10 gender[
]\T1/ptm/m/n/10 , []\T1/zi4/m/n/10 specialty[]\T1/ptm/m/n/10 , []\T1/zi4/m/n/10
 Provider.Credential.Text[]\T1/ptm/m/n/10 ,
 []

[46] [47] [48]
Overfull \hbox (92.26555pt too wide) in paragraph at lines 2441--2441
 []\T1/zi4/m/n/9 con <- nppes_connect_to_duckdb("/Volumes/Video Projects Muffly
 1/nppes_historical_downloads/my_duckdb.duckdb")[] 
 []


Overfull \hbox (146.26555pt too wide) in paragraph at lines 2442--2442
 []\T1/zi4/m/n/9 nppes_create_table_from_csv(con, "/Volumes/Video Projects Muff
ly 1/nppes_historical_downloads/NPPES_Data.csv", "npi_2024")[] 
 []

[49]
Overfull \hbox (92.26555pt too wide) in paragraph at lines 2478--2478
 []\T1/zi4/m/n/9 con <- nppes_connect_to_duckdb("/Volumes/Video Projects Muffly
 1/nppes_historical_downloads/my_duckdb.duckdb")[] 
 []


Overfull \hbox (8.09036pt too wide) in paragraph at lines 2498--2498
 []    \T1/zi4/m/n/10 "/Volumes/Video Projects Muffly 1/nppes_historical_downlo
ads/my_duckdb.duckdb",[] 
 []


Overfull \hbox (24.75021pt too wide) in paragraph at lines 2500--2500
 []    \T1/zi4/m/n/10 "207VX0201X", "207VG0400X", "207VH0002X", "207VM0101X", "
207VX0000X", "207VE0102X",[] 
 []


Overfull \hbox (24.75021pt too wide) in paragraph at lines 2503--2503
 []    \T1/zi4/m/n/10 "207VX0201X", "207VG0400X", "207VH0002X", "207VM0101X", "
207VX0000X", "207VE0102X",[] 
 []

[50]
Overfull \hbox (93.33786pt too wide) in paragraph at lines 2522--2524
[]\T1/ptm/m/n/10 A char-ac-ter vec-tor spec-i-fy-ing the tax-on-omy codes to fi
l-ter in \T1/zi4/m/n/10 Healthcare Provider Taxonomy Code_1\T1/ptm/m/n/10 .
 []


Overfull \hbox (93.33786pt too wide) in paragraph at lines 2525--2527
[]\T1/ptm/m/n/10 A char-ac-ter vec-tor spec-i-fy-ing the tax-on-omy codes to fi
l-ter in \T1/zi4/m/n/10 Healthcare Provider Taxonomy Code_2\T1/ptm/m/n/10 .
 []


Overfull \hbox (71.6679pt too wide) in paragraph at lines 2531--2533
[]\T1/ptm/m/n/10 A char-ac-ter string spec-i-fy-ing the path to save the Ex-cel
 file if []\T1/zi4/m/n/10 save_column_in_each_nppes_year
 []


Overfull \hbox (42.54753pt too wide) in paragraph at lines 2540--2542
\T1/ptm/m/n/10 ple data to Ex-cel. Af-ter com-ple-tion, a mes-sage is dis-playe
d in-di-cat-ing that []\T1/zi4/m/n/10 nppes_save_summary_statistics
 []


Overfull \hbox (282.75941pt too wide) in paragraph at lines 2559--2559
 []  \T1/zi4/m/n/9 npi_file_path = "/Volumes/Video Projects Muffly 1/nppes_hist
orical_downloads/NPPES_Data_Disseminat_September_2024/npidata_pfile_20050523-20
240811.csv",[] 
 []

[51]
Overfull \hbox (12.35724pt too wide) in paragraph at lines 2588--2589
[]\T1/ptm/m/n/10 After ini-tial-iz-ing the en-vi-ron-ment, the next step is to 
con-nect to DuckDB us-ing []\T1/zi4/m/n/10 connect_to_duckdb()[]\T1/ptm/m/n/10 
. 
 []


Overfull \hbox (24.75021pt too wide) in paragraph at lines 2613--2613
 []    \T1/zi4/m/n/10 "207VC0300X", "207VC0200X", "207VX0201X", "207VG0400X", "
207VH0002X", "207VM0101X",[] 
 []


Overfull \hbox (24.75021pt too wide) in paragraph at lines 2616--2616
 []    \T1/zi4/m/n/10 "207VC0300X", "207VC0200X", "207VX0201X", "207VG0400X", "
207VH0002X", "207VM0101X",[] 
 []

[52]
Overfull \hbox (15.18697pt too wide) in paragraph at lines 2626--2627
[]\T1/ptm/m/n/10 A char-ac-ter string spec-i-fy-ing the name of the ta-ble to p
ro-cess. De-fault is "npi_2024". 
 []


Overfull \hbox (93.33786pt too wide) in paragraph at lines 2628--2629
[]\T1/ptm/m/n/10 A char-ac-ter vec-tor spec-i-fy-ing the tax-on-omy codes to fi
l-ter in \T1/zi4/m/n/10 Healthcare Provider Taxonomy Code_1\T1/ptm/m/n/10 .
 []


Overfull \hbox (93.33786pt too wide) in paragraph at lines 2630--2631
[]\T1/ptm/m/n/10 A char-ac-ter vec-tor spec-i-fy-ing the tax-on-omy codes to fi
l-ter in \T1/zi4/m/n/10 Healthcare Provider Taxonomy Code_2\T1/ptm/m/n/10 .
 []


Overfull \hbox (74.53699pt too wide) in paragraph at lines 2635--2636
[]\T1/ptm/m/n/10 After pro-cess-ing the NPI ta-ble, the next step is to col-lec
t and clean the data us-ing []\T1/zi4/m/n/10 nppes_collect_and_clean_data()[]\T
1/ptm/m/n/10 . 
 []


Overfull \hbox (38.26555pt too wide) in paragraph at lines 2645--2645
 []\T1/zi4/m/n/9 processed_data <- nppes_process_npi_table_chunk(con, "npi_2024
", c("207V00000X"), c("207V00000X"))[] 
 []


Overfull \hbox (92.26555pt too wide) in paragraph at lines 2648--2648
 []\T1/zi4/m/n/9 con <- nppes_connect_to_duckdb("/Volumes/Video Projects Muffly
 1/nppes_historical_downloads/my_duckdb.duckdb")[] 
 []

[53]
Overfull \hbox (7.31734pt too wide) in paragraph at lines 2675--2676
[]\T1/ptm/m/n/10 A char-ac-ter string spec-i-fy-ing the name of the ta-ble to q
uery. De-fault is "npi_2024". 
 []


Overfull \hbox (52.34795pt too wide) in paragraph at lines 2681--2682
[]\T1/ptm/m/n/10 A char-ac-ter string spec-i-fy-ing the path to the Ex-cel file
 if []\T1/zi4/m/n/10 save_column_in_each_nppes_year
 []


Overfull \hbox (66.53726pt too wide) in paragraph at lines 2686--2687
[]\T1/ptm/m/n/10 After query-ing the sam-ple data, the next step is to pro-cess
 the NPI ta-ble us-ing []\T1/zi4/m/n/10 nppes_process_npi_table_chunk()[]\T1/pt
m/m/n/10 . 
 []


Overfull \hbox (92.26555pt too wide) in paragraph at lines 2699--2699
 []\T1/zi4/m/n/9 con <- nppes_connect_to_duckdb("/Volumes/Video Projects Muffly
 1/nppes_historical_downloads/my_duckdb.duckdb")[] 
 []

[54]
Overfull \hbox (326.43051pt too wide) in paragraph at lines 2751--2751
 []    \T1/zi4/m/n/10 "/Users/tylermuffly/Dropbox (Personal)/Lo_Fellowship_Dire
ctors/academic_hand_search/data/end_csv_output_open_payments_collect_and_conver
t.csv"[] 
 []


Overfull \hbox (40.22762pt too wide) in paragraph at lines 2760--2761
\T1/ptm/m/n/10 data from the Open Pay-ments dataset. This file should con-tain 
a "Cov-ered_Recipient_NPI"
 []


Overfull \hbox (420.74313pt too wide) in paragraph at lines 2766--2767
\T1/ptm/m/n/10 will be writ-ten. The de-fault is "/Users/tylermuffly/Dropbox (P
er-sonal)/Lo_Fellowship_Directors/academic_hand_search/data/end_csv_output_open
_payments_collect_and_convert.csv". 
 []

[55]
Overfull \hbox (3.89671pt too wide) in paragraph at lines 2774--2775
[]\T1/ptm/m/n/10 Reads the OBGYN data from the pro-vided CSV file and re-names 
the "Cov-ered_Recipient_NPI"
 []


Overfull \hbox (89.25941pt too wide) in paragraph at lines 2794--2794
 []  \T1/zi4/m/n/9 duckdb_file_path = "/Volumes/Video Projects Muffly 1/nppes_h
istorical_downloads/nber/nber_my_duckdb.duckdb",[] 
 []


Overfull \hbox (228.75941pt too wide) in paragraph at lines 2795--2795
 []  \T1/zi4/m/n/9 specialty_csv_path = "/Volumes/Video Projects Muffly 1/openp
ayments/unzipped_files/open_payments_merged/clean_open_payments_specialty.csv",
[] 
 []


Overfull \hbox (231.76555pt too wide) in paragraph at lines 2796--2796
 []  \T1/zi4/m/n/9 crosswalk_rds_path = "/Users/tylermuffly/Dropbox (Personal)/
Lo_Fellowship_Directors/academic_hand_search/data/merged_into_a_crosswalk.rds",
[] 
 []

[56]
Overfull \hbox (57.15742pt too wide) in paragraph at lines 2831--2834
[]\T1/ptm/m/n/10 This func-tion reads data from a CSV file in chunks, pro-cesse
s it by group-ing the data by []\T1/zi4/m/n/10 Covered_Recipient_NPI[]\T1/ptm/m
/n/10 ,
 []


Overfull \hbox (158.09036pt too wide) in paragraph at lines 2841--2841
 []    \T1/zi4/m/n/10 "/Volumes/Video Projects Muffly 1/openpayments/unzipped_f
iles/open_payments_merged/end_payments_per_npi.csv",[] 
 []

[57]
Overfull \hbox (63.09036pt too wide) in paragraph at lines 2895--2895
 []    \T1/zi4/m/n/10 "/Volumes/Video Projects Muffly 1/nppes_historical_downlo
ads/nber/nber_my_duckdb.duckdb"),[] 
 []


Overfull \hbox (21.43051pt too wide) in paragraph at lines 2896--2896
 []  \T1/zi4/m/n/10 table_names = c("OP_DTL_GNRL_PGYR2020_P01182024", "OP_DTL_G
NRL_PGYR2021_P01182024",[] 
 []


Overfull \hbox (1.43051pt too wide) in paragraph at lines 2897--2897
 []    \T1/zi4/m/n/10 "OP_DTL_GNRL_PGYR2022_P01182024", "OP_DTL_GNRL_PGYR2023_P
06282024_06122024"),[] 
 []


Overfull \hbox (203.09036pt too wide) in paragraph at lines 2899--2899
 []    \T1/zi4/m/n/10 "/Volumes/Video Projects Muffly 1/openpayments/unzipped_f
iles/open_payments_merged/clean_open_payments_specialty.csv",[] 
 []


Overfull \hbox (31.41006pt too wide) in paragraph at lines 2903--2903
 []    \T1/zi4/m/n/10 "Allopathic & Osteopathic Physicians|Obstetrics & Gynecol
ogy|Critical Care Medicine",[] 
 []


Overfull \hbox (161.39984pt too wide) in paragraph at lines 2904--2904
 []    \T1/zi4/m/n/10 "Allopathic & Osteopathic Physicians|Obstetrics & Gynecol
ogy|Female Pelvic Medicine and Reconstructive Surgery",[] 
 []


Overfull \hbox (23.08014pt too wide) in paragraph at lines 2905--2905
 []    \T1/zi4/m/n/10 "Allopathic & Osteopathic Physicians|Obstetrics & Gynecol
ogy|Gynecologic Oncology",[] 
 []


Overfull \hbox (74.73999pt too wide) in paragraph at lines 2908--2908
 []    \T1/zi4/m/n/10 "Allopathic & Osteopathic Physicians|Obstetrics & Gynecol
ogy|Hospice and Palliative Medicine",[] 
 []


Overfull \hbox (44.73999pt too wide) in paragraph at lines 2909--2909
 []    \T1/zi4/m/n/10 "Allopathic & Osteopathic Physicians|Obstetrics & Gynecol
ogy|Maternal & Fetal Medicine",[] 
 []


Overfull \hbox (58.08014pt too wide) in paragraph at lines 2911--2911
 []    \T1/zi4/m/n/10 "Allopathic & Osteopathic Physicians|Obstetrics & Gynecol
ogy|Reproductive Endocrinology"),[] 
 []

[58]
Overfull \hbox (182.25635pt too wide) in paragraph at lines 2939--2939
 []  \T1/zi4/m/n/9 con = DBI::dbConnect(duckdb::duckdb(), "/Volumes/Video Proje
cts Muffly 1/nppes_historical_downloads/nber/nber_my_duckdb.duckdb"),[] 
 []


Overfull \hbox (53.25941pt too wide) in paragraph at lines 2941--2941
 []  \T1/zi4/m/n/9 output_csv_path = "/Volumes/Video Projects Muffly 1/openpaym
ents/clean_open_payments_specialty.csv",[] 
 []


Overfull \hbox (27.73488pt too wide) in paragraph at lines 2947--2947
 []\T1/zi4/m/n/9 # Example 2: Process multiple years of Open Payments data and 
filter by multiple OB-GYN specialties[] 
 []


Overfull \hbox (182.25635pt too wide) in paragraph at lines 2949--2949
 []  \T1/zi4/m/n/9 con = DBI::dbConnect(duckdb::duckdb(), "/Volumes/Video Proje
cts Muffly 1/nppes_historical_downloads/nber/nber_my_duckdb.duckdb"),[] 
 []


Overfull \hbox (24.76555pt too wide) in paragraph at lines 2950--2950
 []  \T1/zi4/m/n/9 table_names = c("OP_DTL_GNRL_PGYR2022_P01182024", "OP_DTL_GN
RL_PGYR2023_P06282024_06122024"),[] 
 []


Overfull \hbox (89.25941pt too wide) in paragraph at lines 2951--2951
 []  \T1/zi4/m/n/9 output_csv_path = "/Volumes/Video Projects Muffly 1/openpaym
ents/unzipped_files/open_payments_filtered.csv",[] 
 []


Overfull \hbox (47.20114pt too wide) in paragraph at lines 2953--2953
 []                  \T1/zi4/m/n/9 "Allopathic & Osteopathic Physicians|Obstetr
ics & Gynecology|Maternal & Fetal Medicine"),[] 
 []


Overfull \hbox (129.75941pt too wide) in paragraph at lines 2960--2960
 []  \T1/zi4/m/n/9 output_csv_path = "/Volumes/Video Projects Muffly 1/openpaym
ents/unzipped_files/cleaned_open_payments_specialty.csv",[] 
 []


Overfull \hbox (50.20728pt too wide) in paragraph at lines 2962--2962
 []                  \T1/zi4/m/n/9 "Allopathic & Osteopathic Physicians|Obstetr
ics & Gynecology|Reproductive Endocrinology")[] 
 []

[59] [60] [61]
Overfull \hbox (100.93695pt too wide) in paragraph at lines 3106--3110
[]\T1/ptm/m/n/10 This func-tion reads a dataset, fits a Pois-son re-gres-sion m
odel to pre-dict wait-ing times ([]\T1/zi4/m/n/10 business_days_until_appointme
nt[]\T1/ptm/m/n/10 )
 []

[62] [63] [64]
Overfull \hbox (56.11748pt too wide) in paragraph at lines 3245--3246
[]\T1/ptm/m/n/10 A data frame con-tain-ing the data to an-a-lyze. Must in-clude
 columns \T1/zi4/m/n/10 Driving Time (minutes)\T1/ptm/m/n/10 ,
 []

[65] [66] [67] [68]
Overfull \hbox (39.75021pt too wide) in paragraph at lines 3460--3460
 []\T1/zi4/m/n/9 scrape_result <- scrape_physicians_data_with_tor(startID = 904
5999, endID = 9046000, torPort = 9150)[] 
 []

[69] [70] [71]
Overfull \hbox (13.41753pt too wide) in paragraph at lines 3613--3614
[]\T1/ptm/m/n/10 Prefix for the com-plete out-put file name (de-fault is "com-p
lete_non_split_version_"). 
 []


Overfull \hbox (111.75941pt too wide) in paragraph at lines 3631--3631
 []\T1/zi4/m/n/9 split_and_save(data_or_path = input_data, output_directory, la
b_assistant_names, insurance_order = insurance_order)[] 
 []

[72] [73]
Overfull \hbox (14.27168pt too wide) in paragraph at lines 3761--3761
 []\T1/zi4/m/n/9 input_file <- readr::read_csv("data/isochrones/inner_join_post
mastr_clinician_data.csv") %>%[] 
 []


Overfull \hbox (45.73488pt too wide) in paragraph at lines 3767--3767
 []\T1/zi4/m/n/9 # Filter out the rows that are going to error out after using 
the test_and_process_isochrones function.[] 
 []


Overfull \hbox (93.72261pt too wide) in paragraph at lines 3768--3768
 []\T1/zi4/m/n/9 # error_rows <- c(265, 431, 816, 922, 1605, 2049, 2212, 2284, 
2308, 2409, 2482, 2735, 2875, 2880, 3150, 3552, 3718)[] 
 []

[74] [75] [76]
(/private/var/folders/t6/jct906nn019fnrg7qr_b438w0000gn/T/Rtmpc9GJQw/Rd2pdf6cb0
22e621fd/Rd2.ind [77]
Overfull \hbox (8.3567pt too wide) in paragraph at lines 31--33
[]\T1/zi4/m/n/10 calculate_intersection_overlap_and_save\T1/ptm/m/n/10 , 
 []


Overfull \hbox (23.3567pt too wide) in paragraph at lines 49--51
[]\T1/zi4/m/n/10 create_insurance_by_insurance_scatter_plot\T1/ptm/m/n/10 , 
 []


Overfull \hbox (63.3567pt too wide) in paragraph at lines 63--65
[]\T1/zi4/m/n/10 find_common_columns_in_years_of_open_payments_data\T1/ptm/m/n/
10 , 
 []


Overfull \hbox (108.3567pt too wide) in paragraph at lines 89--91
[]\T1/zi4/m/n/10 linear_regression_race_drive_time_generate_summary_sentence\T1
/ptm/m/n/10 , 
 []

[78

]
Overfull \hbox (18.3567pt too wide) in paragraph at lines 130--132
[]\T1/zi4/m/n/10 race_drive_time_generate_summary_sentence\T1/ptm/m/n/10 , 
 []


Overfull \hbox (23.3567pt too wide) in paragraph at lines 145--147
[]\T1/zi4/m/n/10 states_where_physicians_were_NOT_contacted\T1/ptm/m/n/10 , 
 []


LaTeX Font Warning: Font shape `T1/zi4/m/it' undefined
(Font)              using `T1/zi4/m/n' instead on input line 153.

[79

])
Package atveryend Info: Empty hook `BeforeClearDocument' on input line 3916.
Package atveryend Info: Empty hook `AfterLastShipout' on input line 3916.

(/private/var/folders/t6/jct906nn019fnrg7qr_b438w0000gn/T/Rtmpc9GJQw/Rd2pdf6cb0
22e621fd/Rd2.aux)
Package atveryend Info: Executing hook `AtVeryEndDocument' on input line 3916.
Package atveryend Info: Executing hook `AtEndAfterFileList' on input line 3916.

Package rerunfilecheck Info: File `Rd2.out' has not changed.
(rerunfilecheck)             Checksum: 4F83A8C500E33CA96FB489CD0AA55900;8077.


LaTeX Font Warning: Some font shapes were not available, defaults substituted.

Package atveryend Info: Empty hook `AtVeryVeryEnd' on input line 3916.
 ) 
Here is how much of TeX's memory you used:
 7846 strings out of 480608
 119079 string characters out of 5903631
 369939 words of memory out of 5000000
 22881 multiletter control sequences out of 15000+600000
 566494 words of font info for 68 fonts, out of 8000000 for 9000
 1141 hyphenation exceptions out of 8191
 44i,6n,40p,572b,605s stack positions out of 5000i,500n,10000p,200000b,80000s
{/usr/local/texlive/2020/texmf-dist/fonts/enc/dvips/inconsolata/i4-ts1.enc}{/
usr/local/texlive/2020/texmf-dist/fonts/enc/dvips/base/8r.enc}{/usr/local/texli
ve/2020/texmf-dist/fonts/enc/dvips/inconsolata/i4-t1-0.enc}</usr/local/texlive/
2020/texmf-dist/fonts/type1/public/inconsolata/Inconsolata-zi4r.pfb></usr/local
/texlive/2020/texmf-dist/fonts/type1/public/amsfonts/cm/cmsy10.pfb></usr/local/
texlive/2020/texmf-dist/fonts/type1/urw/times/utmb8a.pfb></usr/local/texlive/20
20/texmf-dist/fonts/type1/urw/times/utmr8a.pfb></usr/local/texlive/2020/texmf-d
ist/fonts/type1/urw/times/utmr8a.pfb></usr/local/texlive/2020/texmf-dist/fonts/
type1/urw/times/utmri8a.pfb>
Output written on Rd2.pdf (79 pages, 237020 bytes).
PDF statistics:
 1563 PDF objects out of 1728 (max. 8388607)
 1461 compressed objects within 15 object streams
 677 named destinations out of 1000 (max. 500000)
 681 words of extra memory for PDF output out of 10000 (max. 10000000)

